# JRE version: Java(TM) SE Runtime Environment (8.0_05-b13) (build 1.8.0_05-b13)
# Java VM: Java HotSpot(TM) 64-Bit Server VM (25.5-b02 mixed mode windows-amd64 compressed oops)
Heap:
 PSYoungGen      total 5632K, used 3035K [0x00000000ecd00000, 0x00000000ed400000, 0x0000000100000000)
  eden space 4096K, 58% used [0x00000000ecd00000,0x00000000ecf5adc8,0x00000000ed100000)
  from space 1536K, 40% used [0x00000000ed280000,0x00000000ed31be40,0x00000000ed400000)
  to   space 1536K, 0% used [0x00000000ed100000,0x00000000ed100000,0x00000000ed280000)
 ParOldGen       total 57856K, used 3593K [0x00000000c6600000, 0x00000000c9e80000, 0x00000000ecd00000)
  object space 57856K, 6% used [0x00000000c6600000,0x00000000c6982440,0x00000000c9e80000)
 Metaspace       used 11435K, capacity 11588K, committed 11904K, reserved 1058816K
  class space    used 1518K, capacity 1564K, committed 1664K, reserved 1048576K
GC Heap History (10 events):
Event: 0.745 GC heap before
{Heap before GC invocations=2 (full 0):
 PSYoungGen      total 1024K, used 928K [0x00000000ecd00000, 0x00000000ecf00000, 0x0000000100000000)
  eden space 512K, 100% used [0x00000000ecd00000,0x00000000ecd80000,0x00000000ecd80000)
  from space 512K, 81% used [0x00000000ecd80000,0x00000000ecde8020,0x00000000ece00000)
  to   space 512K, 0% used [0x00000000ece80000,0x00000000ece80000,0x00000000ecf00000)
 ParOldGen       total 57856K, used 8K [0x00000000c6600000, 0x00000000c9e80000, 0x00000000ecd00000)
  object space 57856K, 0% used [0x00000000c6600000,0x00000000c6602000,0x00000000c9e80000)
 Metaspace       used 4792K, capacity 4900K, committed 4992K, reserved 1056768K
  class space    used 542K, capacity 591K, committed 640K, reserved 1048576K
Event: 0.750 GC heap after
Heap after GC invocations=2 (full 0):
 PSYoungGen      total 1536K, used 512K [0x00000000ecd00000, 0x00000000ecf00000, 0x0000000100000000)
  eden space 1024K, 0% used [0x00000000ecd00000,0x00000000ecd00000,0x00000000ece00000)
  from space 512K, 100% used [0x00000000ece80000,0x00000000ecf00000,0x00000000ecf00000)
  to   space 512K, 0% used [0x00000000ece00000,0x00000000ece00000,0x00000000ece80000)
 ParOldGen       total 57856K, used 144K [0x00000000c6600000, 0x00000000c9e80000, 0x00000000ecd00000)
  object space 57856K, 0% used [0x00000000c6600000,0x00000000c6624000,0x00000000c9e80000)
 Metaspace       used 4792K, capacity 4900K, committed 4992K, reserved 1056768K
  class space    used 542K, capacity 591K, committed 640K, reserved 1048576K
}
Event: 1.118 GC heap before
{Heap before GC invocations=3 (full 0):
 PSYoungGen      total 1536K, used 1536K [0x00000000ecd00000, 0x00000000ecf00000, 0x0000000100000000)
  eden space 1024K, 100% used [0x00000000ecd00000,0x00000000ece00000,0x00000000ece00000)
  from space 512K, 100% used [0x00000000ece80000,0x00000000ecf00000,0x00000000ecf00000)
  to   space 512K, 0% used [0x00000000ece00000,0x00000000ece00000,0x00000000ece80000)
 ParOldGen       total 57856K, used 144K [0x00000000c6600000, 0x00000000c9e80000, 0x00000000ecd00000)
  object space 57856K, 0% used [0x00000000c6600000,0x00000000c6624000,0x00000000c9e80000)
 Metaspace       used 6361K, capacity 6486K, committed 6784K, reserved 1056768K
  class space    used 719K, capacity 788K, committed 896K, reserved 1048576K
Event: 1.123 GC heap after
Heap after GC invocations=3 (full 0):
 PSYoungGen      total 1536K, used 512K [0x00000000ecd00000, 0x00000000ed000000, 0x0000000100000000)
  eden space 1024K, 0% used [0x00000000ecd00000,0x00000000ecd00000,0x00000000ece00000)
  from space 512K, 100% used [0x00000000ece00000,0x00000000ece80000,0x00000000ece80000)
  to   space 512K, 0% used [0x00000000ecf80000,0x00000000ecf80000,0x00000000ed000000)
 ParOldGen       total 57856K, used 496K [0x00000000c6600000, 0x00000000c9e80000, 0x00000000ecd00000)
  object space 57856K, 0% used [0x00000000c6600000,0x00000000c667c030,0x00000000c9e80000)
 Metaspace       used 6361K, capacity 6486K, committed 6784K, reserved 1056768K
  class space    used 719K, capacity 788K, committed 896K, reserved 1048576K
}
Event: 2.275 GC heap before
{Heap before GC invocations=4 (full 0):
 PSYoungGen      total 1536K, used 1536K [0x00000000ecd00000, 0x00000000ed000000, 0x0000000100000000)
  eden space 1024K, 100% used [0x00000000ecd00000,0x00000000ece00000,0x00000000ece00000)
  from space 512K, 100% used [0x00000000ece00000,0x00000000ece80000,0x00000000ece80000)
  to   space 512K, 0% used [0x00000000ecf80000,0x00000000ecf80000,0x00000000ed000000)
 ParOldGen       total 57856K, used 496K [0x00000000c6600000, 0x00000000c9e80000, 0x00000000ecd00000)
  object space 57856K, 0% used [0x00000000c6600000,0x00000000c667c030,0x00000000c9e80000)
 Metaspace       used 8325K, capacity 8412K, committed 8576K, reserved 1056768K
  class space    used 1054K, capacity 1110K, committed 1152K, reserved 1048576K
Event: 2.284 GC heap after
Heap after GC invocations=4 (full 0):
 PSYoungGen      total 2560K, used 512K [0x00000000ecd00000, 0x00000000ed000000, 0x0000000100000000)
  eden space 2048K, 0% used [0x00000000ecd00000,0x00000000ecd00000,0x00000000ecf00000)
  from space 512K, 100% used [0x00000000ecf80000,0x00000000ed000000,0x00000000ed000000)
  to   space 512K, 0% used [0x00000000ecf00000,0x00000000ecf00000,0x00000000ecf80000)
 ParOldGen       total 57856K, used 992K [0x00000000c6600000, 0x00000000c9e80000, 0x00000000ecd00000)
  object space 57856K, 1% used [0x00000000c6600000,0x00000000c66f8050,0x00000000c9e80000)
 Metaspace       used 8325K, capacity 8412K, committed 8576K, reserved 1056768K
  class space    used 1054K, capacity 1110K, committed 1152K, reserved 1048576K
}
Event: 3.594 GC heap before
{Heap before GC invocations=5 (full 0):
 PSYoungGen      total 2560K, used 2554K [0x00000000ecd00000, 0x00000000ed000000, 0x0000000100000000)
  eden space 2048K, 99% used [0x00000000ecd00000,0x00000000ecefea70,0x00000000ecf00000)
  from space 512K, 100% used [0x00000000ecf80000,0x00000000ed000000,0x00000000ed000000)
  to   space 512K, 0% used [0x00000000ecf00000,0x00000000ecf00000,0x00000000ecf80000)
 ParOldGen       total 57856K, used 992K [0x00000000c6600000, 0x00000000c9e80000, 0x00000000ecd00000)
  object space 57856K, 1% used [0x00000000c6600000,0x00000000c66f8050,0x00000000c9e80000)
 Metaspace       used 10261K, capacity 10386K, committed 10624K, reserved 1058816K
  class space    used 1330K, capacity 1401K, committed 1408K, reserved 1048576K
Event: 3.603 GC heap after
Heap after GC invocations=5 (full 0):
 PSYoungGen      total 2560K, used 502K [0x00000000ecd00000, 0x00000000ed400000, 0x0000000100000000)
  eden space 2048K, 0% used [0x00000000ecd00000,0x00000000ecd00000,0x00000000ecf00000)
  from space 512K, 98% used [0x00000000ecf00000,0x00000000ecf7dad0,0x00000000ecf80000)
  to   space 1536K, 0% used [0x00000000ed280000,0x00000000ed280000,0x00000000ed400000)
 ParOldGen       total 57856K, used 1748K [0x00000000c6600000, 0x00000000c9e80000, 0x00000000ecd00000)
  object space 57856K, 3% used [0x00000000c6600000,0x00000000c67b5230,0x00000000c9e80000)
 Metaspace       used 10261K, capacity 10386K, committed 10624K, reserved 1058816K
  class space    used 1330K, capacity 1401K, committed 1408K, reserved 1048576K
}
Event: 3.672 GC heap before
{Heap before GC invocations=6 (full 0):
 PSYoungGen      total 2560K, used 2548K [0x00000000ecd00000, 0x00000000ed400000, 0x0000000100000000)
  eden space 2048K, 99% used [0x00000000ecd00000,0x00000000eceff538,0x00000000ecf00000)
  from space 512K, 98% used [0x00000000ecf00000,0x00000000ecf7dad0,0x00000000ecf80000)
  to   space 1536K, 0% used [0x00000000ed280000,0x00000000ed280000,0x00000000ed400000)
 ParOldGen       total 57856K, used 1748K [0x00000000c6600000, 0x00000000c9e80000, 0x00000000ecd00000)
  object space 57856K, 3% used [0x00000000c6600000,0x00000000c67b5230,0x00000000c9e80000)
 Metaspace       used 10347K, capacity 10450K, committed 10624K, reserved 1058816K
  class space    used 1336K, capacity 1401K, committed 1408K, reserved 1048576K
Event: 3.680 GC heap after
Heap after GC invocations=6 (full 0):
 PSYoungGen      total 5632K, used 623K [0x00000000ecd00000, 0x00000000ed400000, 0x0000000100000000)
  eden space 4096K, 0% used [0x00000000ecd00000,0x00000000ecd00000,0x00000000ed100000)
  from space 1536K, 40% used [0x00000000ed280000,0x00000000ed31be40,0x00000000ed400000)
  to   space 1536K, 0% used [0x00000000ed100000,0x00000000ed100000,0x00000000ed280000)
 ParOldGen       total 57856K, used 3593K [0x00000000c6600000, 0x00000000c9e80000, 0x00000000ecd00000)
  object space 57856K, 6% used [0x00000000c6600000,0x00000000c6982440,0x00000000c9e80000)
 Metaspace       used 10347K, capacity 10450K, committed 10624K, reserved 1058816K
  class space    used 1336K, capacity 1401K, committed 1408K, reserved 1048576K
}

