# JRE version: Java(TM) SE Runtime Environment (8.0_05-b13) (build 1.8.0_05-b13)
# Java VM: Java HotSpot(TM) 64-Bit Server VM (25.5-b02 mixed mode windows-amd64 compressed oops)
Heap:
 PSYoungGen      total 5632K, used 1995K [0x00000000ecd00000, 0x00000000ed400000, 0x0000000100000000)
  eden space 4096K, 19% used [0x00000000ecd00000,0x00000000ecdc6ec0,0x00000000ed100000)
  from space 1536K, 78% used [0x00000000ed280000,0x00000000ed3abe40,0x00000000ed400000)
  to   space 1536K, 0% used [0x00000000ed100000,0x00000000ed100000,0x00000000ed280000)
 ParOldGen       total 57856K, used 3176K [0x00000000c6600000, 0x00000000c9e80000, 0x00000000ecd00000)
  object space 57856K, 5% used [0x00000000c6600000,0x00000000c691a270,0x00000000c9e80000)
 Metaspace       used 11947K, capacity 12068K, committed 12416K, reserved 1060864K
  class space    used 1547K, capacity 1596K, committed 1664K, reserved 1048576K
GC Heap History (10 events):
Event: 1.141 GC heap before
{Heap before GC invocations=4 (full 0):
 PSYoungGen      total 1024K, used 1024K [0x00000000ecd00000, 0x00000000ecf00000, 0x0000000100000000)
  eden space 512K, 100% used [0x00000000ecd00000,0x00000000ecd80000,0x00000000ecd80000)
  from space 512K, 100% used [0x00000000ecd80000,0x00000000ece00000,0x00000000ece00000)
  to   space 512K, 0% used [0x00000000ece80000,0x00000000ece80000,0x00000000ecf00000)
 ParOldGen       total 57856K, used 224K [0x00000000c6600000, 0x00000000c9e80000, 0x00000000ecd00000)
  object space 57856K, 0% used [0x00000000c6600000,0x00000000c6638000,0x00000000c9e80000)
 Metaspace       used 6436K, capacity 6550K, committed 6784K, reserved 1056768K
  class space    used 726K, capacity 788K, committed 896K, reserved 1048576K
Event: 1.146 GC heap after
Heap after GC invocations=4 (full 0):
 PSYoungGen      total 1536K, used 512K [0x00000000ecd00000, 0x00000000ecf00000, 0x0000000100000000)
  eden space 1024K, 0% used [0x00000000ecd00000,0x00000000ecd00000,0x00000000ece00000)
  from space 512K, 100% used [0x00000000ece80000,0x00000000ecf00000,0x00000000ecf00000)
  to   space 512K, 0% used [0x00000000ece00000,0x00000000ece00000,0x00000000ece80000)
 ParOldGen       total 57856K, used 488K [0x00000000c6600000, 0x00000000c9e80000, 0x00000000ecd00000)
  object space 57856K, 0% used [0x00000000c6600000,0x00000000c667a020,0x00000000c9e80000)
 Metaspace       used 6436K, capacity 6550K, committed 6784K, reserved 1056768K
  class space    used 726K, capacity 788K, committed 896K, reserved 1048576K
}
Event: 2.284 GC heap before
{Heap before GC invocations=5 (full 0):
 PSYoungGen      total 1536K, used 1536K [0x00000000ecd00000, 0x00000000ecf00000, 0x0000000100000000)
  eden space 1024K, 100% used [0x00000000ecd00000,0x00000000ece00000,0x00000000ece00000)
  from space 512K, 100% used [0x00000000ece80000,0x00000000ecf00000,0x00000000ecf00000)
  to   space 512K, 0% used [0x00000000ece00000,0x00000000ece00000,0x00000000ece80000)
 ParOldGen       total 57856K, used 488K [0x00000000c6600000, 0x00000000c9e80000, 0x00000000ecd00000)
  object space 57856K, 0% used [0x00000000c6600000,0x00000000c667a020,0x00000000c9e80000)
 Metaspace       used 8369K, capacity 8476K, committed 8576K, reserved 1056768K
  class space    used 1059K, capacity 1110K, committed 1152K, reserved 1048576K
Event: 2.292 GC heap after
Heap after GC invocations=5 (full 0):
 PSYoungGen      total 1536K, used 512K [0x00000000ecd00000, 0x00000000ed200000, 0x0000000100000000)
  eden space 1024K, 0% used [0x00000000ecd00000,0x00000000ecd00000,0x00000000ece00000)
  from space 512K, 100% used [0x00000000ece00000,0x00000000ece80000,0x00000000ece80000)
  to   space 1536K, 0% used [0x00000000ed080000,0x00000000ed080000,0x00000000ed200000)
 ParOldGen       total 57856K, used 1008K [0x00000000c6600000, 0x00000000c9e80000, 0x00000000ecd00000)
  object space 57856K, 1% used [0x00000000c6600000,0x00000000c66fc050,0x00000000c9e80000)
 Metaspace       used 8369K, capacity 8476K, committed 8576K, reserved 1056768K
  class space    used 1059K, capacity 1110K, committed 1152K, reserved 1048576K
}
Event: 2.677 GC heap before
{Heap before GC invocations=6 (full 0):
 PSYoungGen      total 1536K, used 1536K [0x00000000ecd00000, 0x00000000ed200000, 0x0000000100000000)
  eden space 1024K, 100% used [0x00000000ecd00000,0x00000000ece00000,0x00000000ece00000)
  from space 512K, 100% used [0x00000000ece00000,0x00000000ece80000,0x00000000ece80000)
  to   space 1536K, 0% used [0x00000000ed080000,0x00000000ed080000,0x00000000ed200000)
 ParOldGen       total 57856K, used 1008K [0x00000000c6600000, 0x00000000c9e80000, 0x00000000ecd00000)
  object space 57856K, 1% used [0x00000000c6600000,0x00000000c66fc050,0x00000000c9e80000)
 Metaspace       used 9783K, capacity 9934K, committed 10112K, reserved 1058816K
  class space    used 1270K, capacity 1337K, committed 1408K, reserved 1048576K
Event: 2.685 GC heap after
Heap after GC invocations=6 (full 0):
 PSYoungGen      total 3584K, used 1056K [0x00000000ecd00000, 0x00000000ed200000, 0x0000000100000000)
  eden space 2048K, 0% used [0x00000000ecd00000,0x00000000ecd00000,0x00000000ecf00000)
  from space 1536K, 68% used [0x00000000ed080000,0x00000000ed188000,0x00000000ed200000)
  to   space 1536K, 0% used [0x00000000ecf00000,0x00000000ecf00000,0x00000000ed080000)
 ParOldGen       total 57856K, used 1016K [0x00000000c6600000, 0x00000000c9e80000, 0x00000000ecd00000)
  object space 57856K, 1% used [0x00000000c6600000,0x00000000c66fe050,0x00000000c9e80000)
 Metaspace       used 9783K, capacity 9934K, committed 10112K, reserved 1058816K
  class space    used 1270K, capacity 1337K, committed 1408K, reserved 1048576K
}
Event: 3.704 GC heap before
{Heap before GC invocations=7 (full 0):
 PSYoungGen      total 3584K, used 3102K [0x00000000ecd00000, 0x00000000ed200000, 0x0000000100000000)
  eden space 2048K, 99% used [0x00000000ecd00000,0x00000000eceff900,0x00000000ecf00000)
  from space 1536K, 68% used [0x00000000ed080000,0x00000000ed188000,0x00000000ed200000)
  to   space 1536K, 0% used [0x00000000ecf00000,0x00000000ecf00000,0x00000000ed080000)
 ParOldGen       total 57856K, used 2860K [0x00000000c6600000, 0x00000000c9e80000, 0x00000000ecd00000)
  object space 57856K, 4% used [0x00000000c6600000,0x00000000c68cb260,0x00000000c9e80000)
 Metaspace       used 10353K, capacity 10514K, committed 10624K, reserved 1058816K
  class space    used 1336K, capacity 1401K, committed 1408K, reserved 1048576K
Event: 3.713 GC heap after
Heap after GC invocations=7 (full 0):
 PSYoungGen      total 3584K, used 1167K [0x00000000ecd00000, 0x00000000ed400000, 0x0000000100000000)
  eden space 2048K, 0% used [0x00000000ecd00000,0x00000000ecd00000,0x00000000ecf00000)
  from space 1536K, 76% used [0x00000000ecf00000,0x00000000ed023e40,0x00000000ed080000)
  to   space 1536K, 0% used [0x00000000ed280000,0x00000000ed280000,0x00000000ed400000)
 ParOldGen       total 57856K, used 3024K [0x00000000c6600000, 0x00000000c9e80000, 0x00000000ecd00000)
  object space 57856K, 5% used [0x00000000c6600000,0x00000000c68f4270,0x00000000c9e80000)
 Metaspace       used 10353K, capacity 10514K, committed 10624K, reserved 1058816K
  class space    used 1336K, capacity 1401K, committed 1408K, reserved 1048576K
}
Event: 10.175 GC heap before
{Heap before GC invocations=8 (full 0):
 PSYoungGen      total 3584K, used 3215K [0x00000000ecd00000, 0x00000000ed400000, 0x0000000100000000)
  eden space 2048K, 100% used [0x00000000ecd00000,0x00000000ecf00000,0x00000000ecf00000)
  from space 1536K, 76% used [0x00000000ecf00000,0x00000000ed023e40,0x00000000ed080000)
  to   space 1536K, 0% used [0x00000000ed280000,0x00000000ed280000,0x00000000ed400000)
 ParOldGen       total 57856K, used 3024K [0x00000000c6600000, 0x00000000c9e80000, 0x00000000ecd00000)
  object space 57856K, 5% used [0x00000000c6600000,0x00000000c68f4270,0x00000000c9e80000)
 Metaspace       used 11772K, capacity 11876K, committed 12160K, reserved 1060864K
  class space    used 1540K, capacity 1596K, committed 1664K, reserved 1048576K
Event: 10.186 GC heap after
Heap after GC invocations=8 (full 0):
 PSYoungGen      total 5632K, used 1199K [0x00000000ecd00000, 0x00000000ed400000, 0x0000000100000000)
  eden space 4096K, 0% used [0x00000000ecd00000,0x00000000ecd00000,0x00000000ed100000)
  from space 1536K, 78% used [0x00000000ed280000,0x00000000ed3abe40,0x00000000ed400000)
  to   space 1536K, 0% used [0x00000000ed100000,0x00000000ed100000,0x00000000ed280000)
 ParOldGen       total 57856K, used 3176K [0x00000000c6600000, 0x00000000c9e80000, 0x00000000ecd00000)
  object space 57856K, 5% used [0x00000000c6600000,0x00000000c691a270,0x00000000c9e80000)
 Metaspace       used 11772K, capacity 11876K, committed 12160K, reserved 1060864K
  class space    used 1540K, capacity 1596K, committed 1664K, reserved 1048576K
}

